0 info it worked if it ends with ok
1 verbose cli [ '/usr/local/bin/node',
1 verbose cli   '/usr/local/bin/npm',
1 verbose cli   'run',
1 verbose cli   'pretest',
1 verbose cli   '--fix' ]
2 info using npm@3.10.10
3 info using node@v6.11.0
4 verbose run-script [ 'pretest' ]
5 info lifecycle sumvalues@0.0.0~pretest: sumvalues@0.0.0
6 verbose lifecycle sumvalues@0.0.0~pretest: unsafe-perm in lifecycle true
7 verbose lifecycle sumvalues@0.0.0~pretest: PATH: /usr/local/lib/node_modules/npm/bin/node-gyp-bin:/Users/peterlarsen/Documents/Code/sumvalues/node_modules/.bin:~/.local/bin::/Users/peterlarsen/miniconda2/bin:/opt/local/bin:/opt/local/sbin:/Users/peterlarsen/anaconda3/bin:/bin:/sbin:/usr/bin:/usr/local/sbin:/Applications/Racket v6.10.1/bin:/usr/local/bin:/usr/local/bin:/usr/bin:/bin:/usr/sbin:/sbin:/Library/TeX/texbin:/usr/local/MacGPG2/bin:/opt/X11/bin:/Applications/Wireshark.app/Contents/MacOS:/usr/local/mysql/bin
8 verbose lifecycle sumvalues@0.0.0~pretest: CWD: /Users/peterlarsen/Documents/Code/sumvalues
9 silly lifecycle sumvalues@0.0.0~pretest: Args: [ '-c', 'eslint --ignore-path .gitignore .' ]
10 silly lifecycle sumvalues@0.0.0~pretest: Returned: code: 1  signal: null
11 info lifecycle sumvalues@0.0.0~pretest: Failed to exec pretest script
12 verbose stack Error: sumvalues@0.0.0 pretest: `eslint --ignore-path .gitignore .`
12 verbose stack Exit status 1
12 verbose stack     at EventEmitter.<anonymous> (/usr/local/lib/node_modules/npm/lib/utils/lifecycle.js:255:16)
12 verbose stack     at emitTwo (events.js:106:13)
12 verbose stack     at EventEmitter.emit (events.js:191:7)
12 verbose stack     at ChildProcess.<anonymous> (/usr/local/lib/node_modules/npm/lib/utils/spawn.js:40:14)
12 verbose stack     at emitTwo (events.js:106:13)
12 verbose stack     at ChildProcess.emit (events.js:191:7)
12 verbose stack     at maybeClose (internal/child_process.js:891:16)
12 verbose stack     at Process.ChildProcess._handle.onexit (internal/child_process.js:226:5)
13 verbose pkgid sumvalues@0.0.0
14 verbose cwd /Users/peterlarsen/Documents/Code/sumvalues
15 error Darwin 17.5.0
16 error argv "/usr/local/bin/node" "/usr/local/bin/npm" "run" "pretest" "--fix"
17 error node v6.11.0
18 error npm  v3.10.10
19 error code ELIFECYCLE
20 error sumvalues@0.0.0 pretest: `eslint --ignore-path .gitignore .`
20 error Exit status 1
21 error Failed at the sumvalues@0.0.0 pretest script 'eslint --ignore-path .gitignore .'.
21 error Make sure you have the latest version of node.js and npm installed.
21 error If you do, this is most likely a problem with the sumvalues package,
21 error not with npm itself.
21 error Tell the author that this fails on your system:
21 error     eslint --ignore-path .gitignore .
21 error You can get information on how to open an issue for this project with:
21 error     npm bugs sumvalues
21 error Or if that isn't available, you can get their info via:
21 error     npm owner ls sumvalues
21 error There is likely additional logging output above.
22 verbose exit [ 1, true ]
